[INFO  - 2021-02-10T04:18:42.932Z] GhostDriver - Main - running on port 55088
[INFO  - 2021-02-10T04:18:45.053Z] Session [10a4e1a0-6b57-11eb-ba79-e5bf2f6e8d63] - page.settings - {"XSSAuditingEnabled":false,"javascriptCanCloseWindows":true,"javascriptCanOpenWindows":true,"javascriptEnabled":true,"loadImages":true,"localToRemoteUrlAccessEnabled":false,"userAgent":"Mozilla/5.0 (Windows NT 6.2; WOW64) AppleWebKit/538.1 (KHTML, like Gecko) PhantomJS/2.1.1 Safari/538.1","webSecurityEnabled":true}
[INFO  - 2021-02-10T04:18:45.053Z] Session [10a4e1a0-6b57-11eb-ba79-e5bf2f6e8d63] - page.customHeaders:  - {}
[INFO  - 2021-02-10T04:18:45.053Z] Session [10a4e1a0-6b57-11eb-ba79-e5bf2f6e8d63] - Session.negotiatedCapabilities - {"browserName":"phantomjs","version":"2.1.1","driverName":"ghostdriver","driverVersion":"1.2.0","platform":"windows-10-32bit","javascriptEnabled":true,"takesScreenshot":true,"handlesAlerts":false,"databaseEnabled":false,"locationContextEnabled":false,"applicationCacheEnabled":false,"browserConnectionEnabled":false,"cssSelectorsEnabled":true,"webStorageEnabled":false,"rotatable":false,"acceptSslCerts":false,"nativeEvents":true,"proxy":{"proxyType":"direct"}}
[INFO  - 2021-02-10T04:18:45.053Z] SessionManagerReqHand - _postNewSessionCommand - New Session Created: 10a4e1a0-6b57-11eb-ba79-e5bf2f6e8d63
[ERROR - 2021-02-10T04:18:45.736Z] Session [10a4e1a0-6b57-11eb-ba79-e5bf2f6e8d63] - page.onError - msg: ReferenceError: Can't find variable: WeakMap

  phantomjs://platform/console++.js:263 in error
[ERROR - 2021-02-10T04:18:45.736Z] Session [10a4e1a0-6b57-11eb-ba79-e5bf2f6e8d63] - page.onError - stack:
  (anonymous function) (https://a.espncdn.com/prod/scripts/prebid4.18.0.js:3)
  f (https://a.espncdn.com/prod/scripts/prebid4.18.0.js:3)
  (anonymous function) (https://a.espncdn.com/prod/scripts/prebid4.18.0.js:3)
  f (https://a.espncdn.com/prod/scripts/prebid4.18.0.js:3)
  (anonymous function) (https://a.espncdn.com/prod/scripts/prebid4.18.0.js:3)
  f (https://a.espncdn.com/prod/scripts/prebid4.18.0.js:3)
  (anonymous function) (https://a.espncdn.com/prod/scripts/prebid4.18.0.js:3)
  f (https://a.espncdn.com/prod/scripts/prebid4.18.0.js:3)
  (anonymous function) (https://a.espncdn.com/prod/scripts/prebid4.18.0.js:3)
  f (https://a.espncdn.com/prod/scripts/prebid4.18.0.js:3)
  (anonymous function) (https://a.espncdn.com/prod/scripts/prebid4.18.0.js:3)
  f (https://a.espncdn.com/prod/scripts/prebid4.18.0.js:3)
  (anonymous function) (https://a.espncdn.com/prod/scripts/prebid4.18.0.js:3)
  f (https://a.espncdn.com/prod/scripts/prebid4.18.0.js:3)
  (anonymous function) (https://a.espncdn.com/prod/scripts/prebid4.18.0.js:3)
  f (https://a.espncdn.com/prod/scripts/prebid4.18.0.js:3)
  (anonymous function) (https://a.espncdn.com/prod/scripts/prebid4.18.0.js:3)
  f (https://a.espncdn.com/prod/scripts/prebid4.18.0.js:3)
  (anonymous function) (https://a.espncdn.com/prod/scripts/prebid4.18.0.js:3)

  phantomjs://platform/console++.js:263 in error
[ERROR - 2021-02-10T04:18:47.372Z] Session [10a4e1a0-6b57-11eb-ba79-e5bf2f6e8d63] - page.onError - msg: [OneID] [%s]:  ERROR Already initialized

  phantomjs://platform/console++.js:263 in error
[ERROR - 2021-02-10T04:18:47.372Z] Session [10a4e1a0-6b57-11eb-ba79-e5bf2f6e8d63] - page.onError - stack:
  error (:0)

  phantomjs://platform/console++.js:263 in error
[ERROR - 2021-02-10T04:18:47.803Z] Session [10a4e1a0-6b57-11eb-ba79-e5bf2f6e8d63] - page.onError - msg: [OneID] [%s]:  ERROR Session not established

  phantomjs://platform/console++.js:263 in error
[ERROR - 2021-02-10T04:18:47.803Z] Session [10a4e1a0-6b57-11eb-ba79-e5bf2f6e8d63] - page.onError - stack:
  error (:0)

  phantomjs://platform/console++.js:263 in error
[ERROR - 2021-02-10T04:18:51.498Z] Session [10a4e1a0-6b57-11eb-ba79-e5bf2f6e8d63] - page.onError - msg: Exception in queued GPT command TypeError: undefined is not a constructor (evaluating 'pbjs.setConfig({bidderTimeout:1500})')

  phantomjs://platform/console++.js:263 in error
[ERROR - 2021-02-10T04:18:51.498Z] Session [10a4e1a0-6b57-11eb-ba79-e5bf2f6e8d63] - page.onError - stack:
  push (https://securepubads.g.doubleclick.net/gpt/pubads_impl_2021020401.js:6)

  phantomjs://platform/console++.js:263 in error
[ERROR - 2021-02-10T04:18:51.909Z] Session [10a4e1a0-6b57-11eb-ba79-e5bf2f6e8d63] - page.onError - msg: RangeError: Maximum call stack size exceeded.

  phantomjs://platform/console++.js:263 in error
[ERROR - 2021-02-10T04:18:51.909Z] Session [10a4e1a0-6b57-11eb-ba79-e5bf2f6e8d63] - page.onError - stack:
  forEach (https://vidstat.taboola.com/lite-unit/85408.235.0/UnitFeedManagerDesktop.min.js:1)
  a (https://vidstat.taboola.com/lite-unit/85408.235.0/UnitFeedManagerDesktop.min.js:1)
  u (https://vidstat.taboola.com/lite-unit/85408.235.0/UnitFeedManagerDesktop.min.js:1)
  o (https://vidstat.taboola.com/lite-unit/85408.235.0/UnitFeedManagerDesktop.min.js:1)
  (anonymous function) (https://vidstat.taboola.com/lite-unit/85408.235.0/UnitFeedManagerDesktop.min.js:1)
  forEach (:0)
  a (https://vidstat.taboola.com/lite-unit/85408.235.0/UnitFeedManagerDesktop.min.js:1)
  u (https://vidstat.taboola.com/lite-unit/85408.235.0/UnitFeedManagerDesktop.min.js:1)
  o (https://vidstat.taboola.com/lite-unit/85408.235.0/UnitFeedManagerDesktop.min.js:1)
  (anonymous function) (https://vidstat.taboola.com/lite-unit/85408.235.0/UnitFeedManagerDesktop.min.js:1)
  forEach (:0)
  a (https://vidstat.taboola.com/lite-unit/85408.235.0/UnitFeedManagerDesktop.min.js:1)
  u (https://vidstat.taboola.com/lite-unit/85408.235.0/UnitFeedManagerDesktop.min.js:1)
  o (https://vidstat.taboola.com/lite-unit/85408.235.0/UnitFeedManagerDesktop.min.js:1)
  (anonymous function) (https://vidstat.taboola.com/lite-unit/85408.235.0/UnitFeedManagerDesktop.min.js:1)
  forEach (:0)
  a (https://vidstat.taboola.com/lite-unit/85408.235.0/UnitFeedManagerDesktop.min.js:1)
  u (https://vidstat.taboola.com/lite-unit/85408.235.0/UnitFeedManagerDesktop.min.js:1)
  o (https://vidstat.taboola.com/lite-unit/85408.235.0/UnitFeedManagerDesktop.min.js:1)
  (anonymous function) (https://vidstat.taboola.com/lite-unit/85408.235.0/UnitFeedManagerDesktop.min.js:1)
  forEach (:0)
  a (https://vidstat.taboola.com/lite-unit/85408.235.0/UnitFeedManagerDesktop.min.js:1)
  u (https://vidstat.taboola.com/lite-unit/85408.235.0/UnitFeedManagerDesktop.min.js:1)
  o (https://vidstat.taboola.com/lite-unit/85408.235.0/UnitFeedManagerDesktop.min.js:1)
  (anonymous function) (https://vidstat.taboola.com/lite-unit/85408.235.0/UnitFeedManagerDesktop.min.js:1)
  forEach (:0)
  a (https://vidstat.taboola.com/lite-unit/85408.235.0/UnitFeedManagerDesktop.min.js:1)
  u (https://vidstat.taboola.com/lite-unit/85408.235.0/UnitFeedManagerDesktop.min.js:1)
  o (https://vidstat.taboola.com/lite-unit/85408.235.0/UnitFeedManagerDesktop.min.js:1)
  (anonymous function) (https://vidstat.taboola.com/lite-unit/85408.235.0/UnitFeedManagerDesktop.min.js:1)
  forEach (:0)
  a (https://vidstat.taboola.com/lite-unit/85408.235.0/UnitFeedManagerDesktop.min.js:1)
  u (https://vidstat.taboola.com/lite-unit/85408.235.0/UnitFeedManagerDesktop.min.js:1)
  o (https://vidstat.taboola.com/lite-unit/85408.235.0/UnitFeedManagerDesktop.min.js:1)
  (anonymous function) (https://vidstat.taboola.com/lite-unit/85408.235.0/UnitFeedManagerDesktop.min.js:1)
  forEach (:0)
  a (https://vidstat.taboola.com/lite-unit/85408.235.0/UnitFeedManagerDesktop.min.js:1)
  u (https://vidstat.taboola.com/lite-unit/85408.235.0/UnitFeedManagerDesktop.min.js:1)
  o (https://vidstat.taboola.com/lite-unit/85408.235.0/UnitFeedManagerDesktop.min.js:1)
  (anonymous function) (https://vidstat.taboola.com/lite-unit/85408.235.0/UnitFeedManagerDesktop.min.js:1)
  forEach (:0)
  a (https://vidstat.taboola.com/lite-unit/85408.235.0/UnitFeedManagerDesktop.min.js:1)
  u (https://vidstat.taboola.com/lite-unit/85408.235.0/UnitFeedManagerDesktop.min.js:1)
  o (https://vidstat.taboola.com/lite-unit/85408.235.0/UnitFeedManagerDesktop.min.js:1)
  (anonymous function) (https://vidstat.taboola.com/lite-unit/85408.235.0/UnitFeedManagerDesktop.min.js:1)
  forEach (:0)
  a (https://vidstat.taboola.com/lite-unit/85408.235.0/UnitFeedManagerDesktop.min.js:1)
  u (https://vidstat.taboola.com/lite-unit/85408.235.0/UnitFeedManagerDesktop.min.js:1)
  o (https://vidstat.taboola.com/lite-unit/85408.235.0/UnitFeedManagerDesktop.min.js:1)
  (anonymous function) (https://vidstat.taboola.com/lite-unit/85408.235.0/UnitFeedManagerDesktop.min.js:1)
  forEach (:0)
  a (https://vidstat.taboola.com/lite-unit/85408.235.0/UnitFeedManagerDesktop.min.js:1)
  u (https://vidstat.taboola.com/lite-unit/85408.235.0/UnitFeedManagerDesktop.min.js:1)
  o (https://vidstat.taboola.com/lite-unit/85408.235.0/UnitFeedManagerDesktop.min.js:1)
  (anonymous function) (https://vidstat.taboola.com/lite-unit/85408.235.0/UnitFeedManagerDesktop.min.js:1)
  forEach (:0)
  a (https://vidstat.taboola.com/lite-unit/85408.235.0/UnitFeedManagerDesktop.min.js:1)
  u (https://vidstat.taboola.com/lite-unit/85408.235.0/UnitFeedManagerDesktop.min.js:1)
  o (https://vidstat.taboola.com/lite-unit/85408.235.0/UnitFeedManagerDesktop.min.js:1)
  (anonymous function) (https://vidstat.taboola.com/lite-unit/85408.235.0/UnitFeedManagerDesktop.min.js:1)
  forEach (:0)
  a (https://vidstat.taboola.com/lite-unit/85408.235.0/UnitFeedManagerDesktop.min.js:1)
  u (https://vidstat.taboola.com/lite-unit/85408.235.0/UnitFeedManagerDesktop.min.js:1)
  o (https://vidstat.taboola.com/lite-unit/85408.235.0/UnitFeedManagerDesktop.min.js:1)
  (anonymous function) (https://vidstat.taboola.com/lite-unit/85408.235.0/UnitFeedManagerDesktop.min.js:1)
  forEach (:0)
  a (https://vidstat.taboola.com/lite-unit/85408.235.0/UnitFeedManagerDesktop.min.js:1)
  u (https://vidstat.taboola.com/lite-unit/85408.235.0/UnitFeedManagerDesktop.min.js:1)
  o (https://vidstat.taboola.com/lite-unit/85408.235.0/UnitFeedManagerDesktop.min.js:1)
  (anonymous function) (https://vidstat.taboola.com/lite-unit/85408.235.0/UnitFeedManagerDesktop.min.js:1)
  forEach (:0)
  a (https://vidstat.taboola.com/lite-unit/85408.235.0/UnitFeedManagerDesktop.min.js:1)
  u (https://vidstat.taboola.com/lite-unit/85408.235.0/UnitFeedManagerDesktop.min.js:1)
  o (https://vidstat.taboola.com/lite-unit/85408.235.0/UnitFeedManagerDesktop.min.js:1)
  (anonymous function) (https://vidstat.taboola.com/lite-unit/85408.235.0/UnitFeedManagerDesktop.min.js:1)
  forEach (:0)
  a (https://vidstat.taboola.com/lite-unit/85408.235.0/UnitFeedManagerDesktop.min.js:1)
  u (https://vidstat.taboola.com/lite-unit/85408.235.0/UnitFeedManagerDesktop.min.js:1)
  o (https://vidstat.taboola.com/lite-unit/85408.235.0/UnitFeedManagerDesktop.min.js:1)
  (anonymous function) (https://vidstat.taboola.com/lite-unit/85408.235.0/UnitFeedManagerDesktop.min.js:1)
  forEach (:0)
  a (https://vidstat.taboola.com/lite-unit/85408.235.0/UnitFeedManagerDesktop.min.js:1)
  u (https://vidstat.taboola.com/lite-unit/85408.235.0/UnitFeedManagerDesktop.min.js:1)
  o (https://vidstat.taboola.com/lite-unit/85408.235.0/UnitFeedManagerDesktop.min.js:1)
  (anonymous function) (https://vidstat.taboola.com/lite-unit/85408.235.0/UnitFeedManagerDesktop.min.js:1)
  forEach (:0)
  a (https://vidstat.taboola.com/lite-unit/85408.235.0/UnitFeedManagerDesktop.min.js:1)
  u (https://vidstat.taboola.com/lite-unit/85408.235.0/UnitFeedManagerDesktop.min.js:1)
  o (https://vidstat.taboola.com/lite-unit/85408.235.0/UnitFeedManagerDesktop.min.js:1)
  (anonymous function) (https://vidstat.taboola.com/lite-unit/85408.235.0/UnitFeedManagerDesktop.min.js:1)
  forEach (:0)
  a (https://vidstat.taboola.com/lite-unit/85408.235.0/UnitFeedManagerDesktop.min.js:1)
  u (https://vidstat.taboola.com/lite-unit/85408.235.0/UnitFeedManagerDesktop.min.js:1)
  o (https://vidstat.taboola.com/lite-unit/85408.235.0/UnitFeedManagerDesktop.min.js:1)
  (anonymous function) (https://vidstat.taboola.com/lite-unit/85408.235.0/UnitFeedManagerDesktop.min.js:1)
  forEach (:0)
  a (https://vidstat.taboola.com/lite-unit/85408.235.0/UnitFeedManagerDesktop.min.js:1)
  u (https://vidstat.taboola.com/lite-unit/85408.235.0/UnitFeedManagerDesktop.min.js:1)
  o (https://vidstat.taboola.com/lite-unit/85408.235.0/UnitFeedManagerDesktop.min.js:1)
  (anonymous function) (https://vidstat.taboola.com/lite-unit/85408.235.0/UnitFeedManagerDesktop.min.js:1)
  forEach (:0)
  a (https://vidstat.taboola.com/lite-unit/85408.235.0/UnitFeedManagerDesktop.min.js:1)
  u (https://vidstat.taboola.com/lite-unit/85408.235.0/UnitFeedManagerDesktop.min.js:1)
  o (https://vidstat.taboola.com/lite-unit/85408.235.0/UnitFeedManagerDesktop.min.js:1)
  (anonymous function) (https://vidstat.taboola.com/lite-unit/85408.235.0/UnitFeedManagerDesktop.min.js:1)
  forEach (:0)
  a (https://vidstat.taboola.com/lite-unit/85408.235.0/UnitFeedManagerDesktop.min.js:1)
  u (https://vidstat.taboola.com/lite-unit/85408.235.0/UnitFeedManagerDesktop.min.js:1)
  o (https://vidstat.taboola.com/lite-unit/85408.235.0/UnitFeedManagerDesktop.min.js:1)
  (anonymous function) (https://vidstat.taboola.com/lite-unit/85408.235.0/UnitFeedManagerDesktop.min.js:1)
  forEach (:0)
  a (https://vidstat.taboola.com/lite-unit/85408.235.0/UnitFeedManagerDesktop.min.js:1)
  u (https://vidstat.taboola.com/lite-unit/85408.235.0/UnitFeedManagerDesktop.min.js:1)
  o (https://vidstat.taboola.com/lite-unit/85408.235.0/UnitFeedManagerDesktop.min.js:1)
  (anonymous function) (https://vidstat.taboola.com/lite-unit/85408.235.0/UnitFeedManagerDesktop.min.js:1)
  forEach (:0)
  a (https://vidstat.taboola.com/lite-unit/85408.235.0/UnitFeedManagerDesktop.min.js:1)
  u (https://vidstat.taboola.com/lite-unit/85408.235.0/UnitFeedManagerDesktop.min.js:1)
  o (https://vidstat.taboola.com/lite-unit/85408.235.0/UnitFeedManagerDesktop.min.js:1)
  (anonymous function) (https://vidstat.taboola.com/lite-unit/85408.235.0/UnitFeedManagerDesktop.min.js:1)
  forEach (:0)
  a (https://vidstat.taboola.com/lite-unit/85408.235.0/UnitFeedManagerDesktop.min.js:1)
  u (https://vidstat.taboola.com/lite-unit/85408.235.0/UnitFeedManagerDesktop.min.js:1)
  o (https://vidstat.taboola.com/lite-unit/85408.235.0/UnitFeedManagerDesktop.min.js:1)
  (anonymous function) (https://vidstat.taboola.com/lite-unit/85408.235.0/UnitFeedManagerDesktop.min.js:1)
  forEach (:0)
  a (https://vidstat.taboola.com/lite-unit/85408.235.0/UnitFeedManagerDesktop.min.js:1)
  u (https://vidstat.taboola.com/lite-unit/85408.235.0/UnitFeedManagerDesktop.min.js:1)
  o (https://vidstat.taboola.com/lite-unit/85408.235.0/UnitFeedManagerDesktop.min.js:1)
  (anonymous function) (https://vidstat.taboola.com/lite-unit/85408.235.0/UnitFeedManagerDesktop.min.js:1)
  forEach (:0)
  a (https://vidstat.taboola.com/lite-unit/85408.235.0/UnitFeedManagerDesktop.min.js:1)
  u (https://vidstat.taboola.com/lite-unit/85408.235.0/UnitFeedManagerDesktop.min.js:1)
  o (https://vidstat.taboola.com/lite-unit/85408.235.0/UnitFeedManagerDesktop.min.js:1)
  (anonymous function) (https://vidstat.taboola.com/lite-unit/85408.235.0/UnitFeedManagerDesktop.min.js:1)
  forEach (:0)
  a (https://vidstat.taboola.com/lite-unit/85408.235.0/UnitFeedManagerDesktop.min.js:1)
  u (https://vidstat.taboola.com/lite-unit/85408.235.0/UnitFeedManagerDesktop.min.js:1)
  o (https://vidstat.taboola.com/lite-unit/85408.235.0/UnitFeedManagerDesktop.min.js:1)
  (anonymous function) (https://vidstat.taboola.com/lite-unit/85408.235.0/UnitFeedManagerDesktop.min.js:1)
  forEach (:0)
  a (https://vidstat.taboola.com/lite-unit/85408.235.0/UnitFeedManagerDesktop.min.js:1)
  u (https://vidstat.taboola.com/lite-unit/85408.235.0/UnitFeedManagerDesktop.min.js:1)
  o (https://vidstat.taboola.com/lite-unit/85408.235.0/UnitFeedManagerDesktop.min.js:1)
  (anonymous function) (https://vidstat.taboola.com/lite-unit/85408.235.0/UnitFeedManagerDesktop.min.js:1)
  forEach (:0)
  a (https://vidstat.taboola.com/lite-unit/85408.235.0/UnitFeedManagerDesktop.min.js:1)
  u (https://vidstat.taboola.com/lite-unit/85408.235.0/UnitFeedManagerDesktop.min.js:1)
  o (https://vidstat.taboola.com/lite-unit/85408.235.0/UnitFeedManagerDesktop.min.js:1)
  (anonymous function) (https://vidstat.taboola.com/lite-unit/85408.235.0/UnitFeedManagerDesktop.min.js:1)
  forEach (:0)
  a (https://vidstat.taboola.com/lite-unit/85408.235.0/UnitFeedManagerDesktop.min.js:1)
  u (https://vidstat.taboola.com/lite-unit/85408.235.0/UnitFeedManagerDesktop.min.js:1)
  o (https://vidstat.taboola.com/lite-unit/85408.235.0/UnitFeedManagerDesktop.min.js:1)
  (anonymous function) (https://vidstat.taboola.com/lite-unit/85408.235.0/UnitFeedManagerDesktop.min.js:1)
  forEach (:0)
  a (https://vidstat.taboola.com/lite-unit/85408.235.0/UnitFeedManagerDesktop.min.js:1)
  u (https://vidstat.taboola.com/lite-unit/85408.235.0/UnitFeedManagerDesktop.min.js:1)
  o (https://vidstat.taboola.com/lite-unit/85408.235.0/UnitFeedManagerDesktop.min.js:1)
  (anonymous function) (https://vidstat.taboola.com/lite-unit/85408.235.0/UnitFeedManagerDesktop.min.js:1)
  forEach (:0)
  a (https://vidstat.taboola.com/lite-unit/85408.235.0/UnitFeedManagerDesktop.min.js:1)
  u (https://vidstat.taboola.com/lite-unit/85408.235.0/UnitFeedManagerDesktop.min.js:1)
  o (https://vidstat.taboola.com/lite-unit/85408.235.0/UnitFeedManagerDesktop.min.js:1)
  (anonymous function) (https://vidstat.taboola.com/lite-unit/85408.235.0/UnitFeedManagerDesktop.min.js:1)
  forEach (:0)
  a (https://vidstat.taboola.com/lite-unit/85408.235.0/UnitFeedManagerDesktop.min.js:1)
  u (https://vidstat.taboola.com/lite-unit/85408.235.0/UnitFeedManagerDesktop.min.js:1)
  o (https://vidstat.taboola.com/lite-unit/85408.235.0/UnitFeedManagerDesktop.min.js:1)
  (anonymous function) (https://vidstat.taboola.com/lite-unit/85408.235.0/UnitFeedManagerDesktop.min.js:1)
  forEach (:0)
  a (https://vidstat.taboola.com/lite-unit/85408.235.0/UnitFeedManagerDesktop.min.js:1)
  u (https://vidstat.taboola.com/lite-unit/85408.235.0/UnitFeedManagerDesktop.min.js:1)
  o (https://vidstat.taboola.com/lite-unit/85408.235.0/UnitFeedManagerDesktop.min.js:1)
  (anonymous function) (https://vidstat.taboola.com/lite-unit/85408.235.0/UnitFeedManagerDesktop.min.js:1)
  forEach (:0)
  a (https://vidstat.taboola.com/lite-unit/85408.235.0/UnitFeedManagerDesktop.min.js:1)
  u (https://vidstat.taboola.com/lite-unit/85408.235.0/UnitFeedManagerDesktop.min.js:1)
  o (https://vidstat.taboola.com/lite-unit/85408.235.0/UnitFeedManagerDesktop.min.js:1)
  (anonymous function) (https://vidstat.taboola.com/lite-unit/85408.235.0/UnitFeedManagerDesktop.min.js:1)
  forEach (:0)
  a (https://vidstat.taboola.com/lite-unit/85408.235.0/UnitFeedManagerDesktop.min.js:1)
  u (https://vidstat.taboola.com/lite-unit/85408.235.0/UnitFeedManagerDesktop.min.js:1)
  o (https://vidstat.taboola.com/lite-unit/85408.235.0/UnitFeedManagerDesktop.min.js:1)
  (anonymous function) (https://vidstat.taboola.com/lite-unit/85408.235.0/UnitFeedManagerDesktop.min.js:1)
  forEach (:0)
  a (https://vidstat.taboola.com/lite-unit/85408.235.0/UnitFeedManagerDesktop.min.js:1)
  u (https://vidstat.taboola.com/lite-unit/85408.235.0/UnitFeedManagerDesktop.min.js:1)
  o (https://vidstat.taboola.com/lite-unit/85408.235.0/UnitFeedManagerDesktop.min.js:1)
  (anonymous function) (https://vidstat.taboola.com/lite-unit/85408.235.0/UnitFeedManagerDesktop.min.js:1)
  forEach (:0)
  a (https://vidstat.taboola.com/lite-unit/85408.235.0/UnitFeedManagerDesktop.min.js:1)
  u (https://vidstat.taboola.com/lite-unit/85408.235.0/UnitFeedManagerDesktop.min.js:1)
  o (https://vidstat.taboola.com/lite-unit/85408.235.0/UnitFeedManagerDesktop.min.js:1)
  (anonymous function) (https://vidstat.taboola.com/lite-unit/85408.235.0/UnitFeedManagerDesktop.min.js:1)
  forEach (:0)
  a (https://vidstat.taboola.com/lite-unit/85408.235.0/UnitFeedManagerDesktop.min.js:1)
  u (https://vidstat.taboola.com/lite-unit/85408.235.0/UnitFeedManagerDesktop.min.js:1)
  o (https://vidstat.taboola.com/lite-unit/85408.235.0/UnitFeedManagerDesktop.min.js:1)
  (anonymous function) (https://vidstat.taboola.com/lite-unit/85408.235.0/UnitFeedManagerDesktop.min.js:1)

  phantomjs://platform/console++.js:263 in error
[ERROR - 2021-02-10T04:18:53.350Z] Session [10a4e1a0-6b57-11eb-ba79-e5bf2f6e8d63] - page.onError - msg: ReferenceError: Can't find variable: WeakMap

  phantomjs://platform/console++.js:263 in error
[ERROR - 2021-02-10T04:18:53.350Z] Session [10a4e1a0-6b57-11eb-ba79-e5bf2f6e8d63] - page.onError - stack:
  (anonymous function) (https://a.espncdn.com/prod/scripts/prebid4.18.0.js:3)
  f (https://a.espncdn.com/prod/scripts/prebid4.18.0.js:3)
  (anonymous function) (https://a.espncdn.com/prod/scripts/prebid4.18.0.js:3)
  f (https://a.espncdn.com/prod/scripts/prebid4.18.0.js:3)
  (anonymous function) (https://a.espncdn.com/prod/scripts/prebid4.18.0.js:3)
  f (https://a.espncdn.com/prod/scripts/prebid4.18.0.js:3)
  (anonymous function) (https://a.espncdn.com/prod/scripts/prebid4.18.0.js:3)
  f (https://a.espncdn.com/prod/scripts/prebid4.18.0.js:3)
  (anonymous function) (https://a.espncdn.com/prod/scripts/prebid4.18.0.js:3)
  f (https://a.espncdn.com/prod/scripts/prebid4.18.0.js:3)
  (anonymous function) (https://a.espncdn.com/prod/scripts/prebid4.18.0.js:3)
  f (https://a.espncdn.com/prod/scripts/prebid4.18.0.js:3)
  (anonymous function) (https://a.espncdn.com/prod/scripts/prebid4.18.0.js:3)
  f (https://a.espncdn.com/prod/scripts/prebid4.18.0.js:3)
  (anonymous function) (https://a.espncdn.com/prod/scripts/prebid4.18.0.js:3)
  f (https://a.espncdn.com/prod/scripts/prebid4.18.0.js:3)
  (anonymous function) (https://a.espncdn.com/prod/scripts/prebid4.18.0.js:3)
  f (https://a.espncdn.com/prod/scripts/prebid4.18.0.js:3)
  (anonymous function) (https://a.espncdn.com/prod/scripts/prebid4.18.0.js:3)

  phantomjs://platform/console++.js:263 in error
[ERROR - 2021-02-10T04:18:53.644Z] Session [10a4e1a0-6b57-11eb-ba79-e5bf2f6e8d63] - page.onError - msg: [OneID] [%s]:  ERROR Already initialized

  phantomjs://platform/console++.js:263 in error
[ERROR - 2021-02-10T04:18:53.644Z] Session [10a4e1a0-6b57-11eb-ba79-e5bf2f6e8d63] - page.onError - stack:
  error (:0)

  phantomjs://platform/console++.js:263 in error
[ERROR - 2021-02-10T04:18:53.892Z] Session [10a4e1a0-6b57-11eb-ba79-e5bf2f6e8d63] - page.onError - msg: [OneID] [%s]:  ERROR Session not established

  phantomjs://platform/console++.js:263 in error
[ERROR - 2021-02-10T04:18:53.893Z] Session [10a4e1a0-6b57-11eb-ba79-e5bf2f6e8d63] - page.onError - stack:
  error (:0)

  phantomjs://platform/console++.js:263 in error
[ERROR - 2021-02-10T04:18:54.967Z] Session [10a4e1a0-6b57-11eb-ba79-e5bf2f6e8d63] - page.onError - msg: RangeError: Maximum call stack size exceeded.

  phantomjs://platform/console++.js:263 in error
[ERROR - 2021-02-10T04:18:54.967Z] Session [10a4e1a0-6b57-11eb-ba79-e5bf2f6e8d63] - page.onError - stack:
  forEach (https://vidstat.taboola.com/lite-unit/85408.235.0/UnitFeedManagerDesktop.min.js:1)
  a (https://vidstat.taboola.com/lite-unit/85408.235.0/UnitFeedManagerDesktop.min.js:1)
  u (https://vidstat.taboola.com/lite-unit/85408.235.0/UnitFeedManagerDesktop.min.js:1)
  o (https://vidstat.taboola.com/lite-unit/85408.235.0/UnitFeedManagerDesktop.min.js:1)
  (anonymous function) (https://vidstat.taboola.com/lite-unit/85408.235.0/UnitFeedManagerDesktop.min.js:1)
  forEach (:0)
  a (https://vidstat.taboola.com/lite-unit/85408.235.0/UnitFeedManagerDesktop.min.js:1)
  u (https://vidstat.taboola.com/lite-unit/85408.235.0/UnitFeedManagerDesktop.min.js:1)
  o (https://vidstat.taboola.com/lite-unit/85408.235.0/UnitFeedManagerDesktop.min.js:1)
  (anonymous function) (https://vidstat.taboola.com/lite-unit/85408.235.0/UnitFeedManagerDesktop.min.js:1)
  forEach (:0)
  a (https://vidstat.taboola.com/lite-unit/85408.235.0/UnitFeedManagerDesktop.min.js:1)
  u (https://vidstat.taboola.com/lite-unit/85408.235.0/UnitFeedManagerDesktop.min.js:1)
  o (https://vidstat.taboola.com/lite-unit/85408.235.0/UnitFeedManagerDesktop.min.js:1)
  (anonymous function) (https://vidstat.taboola.com/lite-unit/85408.235.0/UnitFeedManagerDesktop.min.js:1)
  forEach (:0)
  a (https://vidstat.taboola.com/lite-unit/85408.235.0/UnitFeedManagerDesktop.min.js:1)
  u (https://vidstat.taboola.com/lite-unit/85408.235.0/UnitFeedManagerDesktop.min.js:1)
  o (https://vidstat.taboola.com/lite-unit/85408.235.0/UnitFeedManagerDesktop.min.js:1)
  (anonymous function) (https://vidstat.taboola.com/lite-unit/85408.235.0/UnitFeedManagerDesktop.min.js:1)
  forEach (:0)
  a (https://vidstat.taboola.com/lite-unit/85408.235.0/UnitFeedManagerDesktop.min.js:1)
  u (https://vidstat.taboola.com/lite-unit/85408.235.0/UnitFeedManagerDesktop.min.js:1)
  o (https://vidstat.taboola.com/lite-unit/85408.235.0/UnitFeedManagerDesktop.min.js:1)
  (anonymous function) (https://vidstat.taboola.com/lite-unit/85408.235.0/UnitFeedManagerDesktop.min.js:1)
  forEach (:0)
  a (https://vidstat.taboola.com/lite-unit/85408.235.0/UnitFeedManagerDesktop.min.js:1)
  u (https://vidstat.taboola.com/lite-unit/85408.235.0/UnitFeedManagerDesktop.min.js:1)
  o (https://vidstat.taboola.com/lite-unit/85408.235.0/UnitFeedManagerDesktop.min.js:1)
  (anonymous function) (https://vidstat.taboola.com/lite-unit/85408.235.0/UnitFeedManagerDesktop.min.js:1)
  forEach (:0)
  a (https://vidstat.taboola.com/lite-unit/85408.235.0/UnitFeedManagerDesktop.min.js:1)
  u (https://vidstat.taboola.com/lite-unit/85408.235.0/UnitFeedManagerDesktop.min.js:1)
  o (https://vidstat.taboola.com/lite-unit/85408.235.0/UnitFeedManagerDesktop.min.js:1)
  (anonymous function) (https://vidstat.taboola.com/lite-unit/85408.235.0/UnitFeedManagerDesktop.min.js:1)
  forEach (:0)
  a (https://vidstat.taboola.com/lite-unit/85408.235.0/UnitFeedManagerDesktop.min.js:1)
  u (https://vidstat.taboola.com/lite-unit/85408.235.0/UnitFeedManagerDesktop.min.js:1)
  o (https://vidstat.taboola.com/lite-unit/85408.235.0/UnitFeedManagerDesktop.min.js:1)
  (anonymous function) (https://vidstat.taboola.com/lite-unit/85408.235.0/UnitFeedManagerDesktop.min.js:1)
  forEach (:0)
  a (https://vidstat.taboola.com/lite-unit/85408.235.0/UnitFeedManagerDesktop.min.js:1)
  u (https://vidstat.taboola.com/lite-unit/85408.235.0/UnitFeedManagerDesktop.min.js:1)
  o (https://vidstat.taboola.com/lite-unit/85408.235.0/UnitFeedManagerDesktop.min.js:1)
  (anonymous function) (https://vidstat.taboola.com/lite-unit/85408.235.0/UnitFeedManagerDesktop.min.js:1)
  forEach (:0)
  a (https://vidstat.taboola.com/lite-unit/85408.235.0/UnitFeedManagerDesktop.min.js:1)
  u (https://vidstat.taboola.com/lite-unit/85408.235.0/UnitFeedManagerDesktop.min.js:1)
  o (https://vidstat.taboola.com/lite-unit/85408.235.0/UnitFeedManagerDesktop.min.js:1)
  (anonymous function) (https://vidstat.taboola.com/lite-unit/85408.235.0/UnitFeedManagerDesktop.min.js:1)
  forEach (:0)
  a (https://vidstat.taboola.com/lite-unit/85408.235.0/UnitFeedManagerDesktop.min.js:1)
  u (https://vidstat.taboola.com/lite-unit/85408.235.0/UnitFeedManagerDesktop.min.js:1)
  o (https://vidstat.taboola.com/lite-unit/85408.235.0/UnitFeedManagerDesktop.min.js:1)
  (anonymous function) (https://vidstat.taboola.com/lite-unit/85408.235.0/UnitFeedManagerDesktop.min.js:1)
  forEach (:0)
  a (https://vidstat.taboola.com/lite-unit/85408.235.0/UnitFeedManagerDesktop.min.js:1)
  u (https://vidstat.taboola.com/lite-unit/85408.235.0/UnitFeedManagerDesktop.min.js:1)
  o (https://vidstat.taboola.com/lite-unit/85408.235.0/UnitFeedManagerDesktop.min.js:1)
  (anonymous function) (https://vidstat.taboola.com/lite-unit/85408.235.0/UnitFeedManagerDesktop.min.js:1)
  forEach (:0)
  a (https://vidstat.taboola.com/lite-unit/85408.235.0/UnitFeedManagerDesktop.min.js:1)
  u (https://vidstat.taboola.com/lite-unit/85408.235.0/UnitFeedManagerDesktop.min.js:1)
  o (https://vidstat.taboola.com/lite-unit/85408.235.0/UnitFeedManagerDesktop.min.js:1)
  (anonymous function) (https://vidstat.taboola.com/lite-unit/85408.235.0/UnitFeedManagerDesktop.min.js:1)
  forEach (:0)
  a (https://vidstat.taboola.com/lite-unit/85408.235.0/UnitFeedManagerDesktop.min.js:1)
  u (https://vidstat.taboola.com/lite-unit/85408.235.0/UnitFeedManagerDesktop.min.js:1)
  o (https://vidstat.taboola.com/lite-unit/85408.235.0/UnitFeedManagerDesktop.min.js:1)
  (anonymous function) (https://vidstat.taboola.com/lite-unit/85408.235.0/UnitFeedManagerDesktop.min.js:1)
  forEach (:0)
  a (https://vidstat.taboola.com/lite-unit/85408.235.0/UnitFeedManagerDesktop.min.js:1)
  u (https://vidstat.taboola.com/lite-unit/85408.235.0/UnitFeedManagerDesktop.min.js:1)
  o (https://vidstat.taboola.com/lite-unit/85408.235.0/UnitFeedManagerDesktop.min.js:1)
  (anonymous function) (https://vidstat.taboola.com/lite-unit/85408.235.0/UnitFeedManagerDesktop.min.js:1)
  forEach (:0)
  a (https://vidstat.taboola.com/lite-unit/85408.235.0/UnitFeedManagerDesktop.min.js:1)
  u (https://vidstat.taboola.com/lite-unit/85408.235.0/UnitFeedManagerDesktop.min.js:1)
  o (https://vidstat.taboola.com/lite-unit/85408.235.0/UnitFeedManagerDesktop.min.js:1)
  (anonymous function) (https://vidstat.taboola.com/lite-unit/85408.235.0/UnitFeedManagerDesktop.min.js:1)
  forEach (:0)
  a (https://vidstat.taboola.com/lite-unit/85408.235.0/UnitFeedManagerDesktop.min.js:1)
  u (https://vidstat.taboola.com/lite-unit/85408.235.0/UnitFeedManagerDesktop.min.js:1)
  o (https://vidstat.taboola.com/lite-unit/85408.235.0/UnitFeedManagerDesktop.min.js:1)
  (anonymous function) (https://vidstat.taboola.com/lite-unit/85408.235.0/UnitFeedManagerDesktop.min.js:1)
  forEach (:0)
  a (https://vidstat.taboola.com/lite-unit/85408.235.0/UnitFeedManagerDesktop.min.js:1)
  u (https://vidstat.taboola.com/lite-unit/85408.235.0/UnitFeedManagerDesktop.min.js:1)
  o (https://vidstat.taboola.com/lite-unit/85408.235.0/UnitFeedManagerDesktop.min.js:1)
  (anonymous function) (https://vidstat.taboola.com/lite-unit/85408.235.0/UnitFeedManagerDesktop.min.js:1)
  forEach (:0)
  a (https://vidstat.taboola.com/lite-unit/85408.235.0/UnitFeedManagerDesktop.min.js:1)
  u (https://vidstat.taboola.com/lite-unit/85408.235.0/UnitFeedManagerDesktop.min.js:1)
  o (https://vidstat.taboola.com/lite-unit/85408.235.0/UnitFeedManagerDesktop.min.js:1)
  (anonymous function) (https://vidstat.taboola.com/lite-unit/85408.235.0/UnitFeedManagerDesktop.min.js:1)
  forEach (:0)
  a (https://vidstat.taboola.com/lite-unit/85408.235.0/UnitFeedManagerDesktop.min.js:1)
  u (https://vidstat.taboola.com/lite-unit/85408.235.0/UnitFeedManagerDesktop.min.js:1)
  o (https://vidstat.taboola.com/lite-unit/85408.235.0/UnitFeedManagerDesktop.min.js:1)
  (anonymous function) (https://vidstat.taboola.com/lite-unit/85408.235.0/UnitFeedManagerDesktop.min.js:1)
  forEach (:0)
  a (https://vidstat.taboola.com/lite-unit/85408.235.0/UnitFeedManagerDesktop.min.js:1)
  u (https://vidstat.taboola.com/lite-unit/85408.235.0/UnitFeedManagerDesktop.min.js:1)
  o (https://vidstat.taboola.com/lite-unit/85408.235.0/UnitFeedManagerDesktop.min.js:1)
  (anonymous function) (https://vidstat.taboola.com/lite-unit/85408.235.0/UnitFeedManagerDesktop.min.js:1)
  forEach (:0)
  a (https://vidstat.taboola.com/lite-unit/85408.235.0/UnitFeedManagerDesktop.min.js:1)
  u (https://vidstat.taboola.com/lite-unit/85408.235.0/UnitFeedManagerDesktop.min.js:1)
  o (https://vidstat.taboola.com/lite-unit/85408.235.0/UnitFeedManagerDesktop.min.js:1)
  (anonymous function) (https://vidstat.taboola.com/lite-unit/85408.235.0/UnitFeedManagerDesktop.min.js:1)
  forEach (:0)
  a (https://vidstat.taboola.com/lite-unit/85408.235.0/UnitFeedManagerDesktop.min.js:1)
  u (https://vidstat.taboola.com/lite-unit/85408.235.0/UnitFeedManagerDesktop.min.js:1)
  o (https://vidstat.taboola.com/lite-unit/85408.235.0/UnitFeedManagerDesktop.min.js:1)
  (anonymous function) (https://vidstat.taboola.com/lite-unit/85408.235.0/UnitFeedManagerDesktop.min.js:1)
  forEach (:0)
  a (https://vidstat.taboola.com/lite-unit/85408.235.0/UnitFeedManagerDesktop.min.js:1)
  u (https://vidstat.taboola.com/lite-unit/85408.235.0/UnitFeedManagerDesktop.min.js:1)
  o (https://vidstat.taboola.com/lite-unit/85408.235.0/UnitFeedManagerDesktop.min.js:1)
  (anonymous function) (https://vidstat.taboola.com/lite-unit/85408.235.0/UnitFeedManagerDesktop.min.js:1)
  forEach (:0)
  a (https://vidstat.taboola.com/lite-unit/85408.235.0/UnitFeedManagerDesktop.min.js:1)
  u (https://vidstat.taboola.com/lite-unit/85408.235.0/UnitFeedManagerDesktop.min.js:1)
  o (https://vidstat.taboola.com/lite-unit/85408.235.0/UnitFeedManagerDesktop.min.js:1)
  (anonymous function) (https://vidstat.taboola.com/lite-unit/85408.235.0/UnitFeedManagerDesktop.min.js:1)
  forEach (:0)
  a (https://vidstat.taboola.com/lite-unit/85408.235.0/UnitFeedManagerDesktop.min.js:1)
  u (https://vidstat.taboola.com/lite-unit/85408.235.0/UnitFeedManagerDesktop.min.js:1)
  o (https://vidstat.taboola.com/lite-unit/85408.235.0/UnitFeedManagerDesktop.min.js:1)
  (anonymous function) (https://vidstat.taboola.com/lite-unit/85408.235.0/UnitFeedManagerDesktop.min.js:1)
  forEach (:0)
  a (https://vidstat.taboola.com/lite-unit/85408.235.0/UnitFeedManagerDesktop.min.js:1)
  u (https://vidstat.taboola.com/lite-unit/85408.235.0/UnitFeedManagerDesktop.min.js:1)
  o (https://vidstat.taboola.com/lite-unit/85408.235.0/UnitFeedManagerDesktop.min.js:1)
  (anonymous function) (https://vidstat.taboola.com/lite-unit/85408.235.0/UnitFeedManagerDesktop.min.js:1)
  forEach (:0)
  a (https://vidstat.taboola.com/lite-unit/85408.235.0/UnitFeedManagerDesktop.min.js:1)
  u (https://vidstat.taboola.com/lite-unit/85408.235.0/UnitFeedManagerDesktop.min.js:1)
  o (https://vidstat.taboola.com/lite-unit/85408.235.0/UnitFeedManagerDesktop.min.js:1)
  (anonymous function) (https://vidstat.taboola.com/lite-unit/85408.235.0/UnitFeedManagerDesktop.min.js:1)
  forEach (:0)
  a (https://vidstat.taboola.com/lite-unit/85408.235.0/UnitFeedManagerDesktop.min.js:1)
  u (https://vidstat.taboola.com/lite-unit/85408.235.0/UnitFeedManagerDesktop.min.js:1)
  o (https://vidstat.taboola.com/lite-unit/85408.235.0/UnitFeedManagerDesktop.min.js:1)
  (anonymous function) (https://vidstat.taboola.com/lite-unit/85408.235.0/UnitFeedManagerDesktop.min.js:1)
  forEach (:0)
  a (https://vidstat.taboola.com/lite-unit/85408.235.0/UnitFeedManagerDesktop.min.js:1)
  u (https://vidstat.taboola.com/lite-unit/85408.235.0/UnitFeedManagerDesktop.min.js:1)
  o (https://vidstat.taboola.com/lite-unit/85408.235.0/UnitFeedManagerDesktop.min.js:1)
  (anonymous function) (https://vidstat.taboola.com/lite-unit/85408.235.0/UnitFeedManagerDesktop.min.js:1)
  forEach (:0)
  a (https://vidstat.taboola.com/lite-unit/85408.235.0/UnitFeedManagerDesktop.min.js:1)
  u (https://vidstat.taboola.com/lite-unit/85408.235.0/UnitFeedManagerDesktop.min.js:1)
  o (https://vidstat.taboola.com/lite-unit/85408.235.0/UnitFeedManagerDesktop.min.js:1)
  (anonymous function) (https://vidstat.taboola.com/lite-unit/85408.235.0/UnitFeedManagerDesktop.min.js:1)
  forEach (:0)
  a (https://vidstat.taboola.com/lite-unit/85408.235.0/UnitFeedManagerDesktop.min.js:1)
  u (https://vidstat.taboola.com/lite-unit/85408.235.0/UnitFeedManagerDesktop.min.js:1)
  o (https://vidstat.taboola.com/lite-unit/85408.235.0/UnitFeedManagerDesktop.min.js:1)
  (anonymous function) (https://vidstat.taboola.com/lite-unit/85408.235.0/UnitFeedManagerDesktop.min.js:1)
  forEach (:0)
  a (https://vidstat.taboola.com/lite-unit/85408.235.0/UnitFeedManagerDesktop.min.js:1)
  u (https://vidstat.taboola.com/lite-unit/85408.235.0/UnitFeedManagerDesktop.min.js:1)
  o (https://vidstat.taboola.com/lite-unit/85408.235.0/UnitFeedManagerDesktop.min.js:1)
  (anonymous function) (https://vidstat.taboola.com/lite-unit/85408.235.0/UnitFeedManagerDesktop.min.js:1)
  forEach (:0)
  a (https://vidstat.taboola.com/lite-unit/85408.235.0/UnitFeedManagerDesktop.min.js:1)
  u (https://vidstat.taboola.com/lite-unit/85408.235.0/UnitFeedManagerDesktop.min.js:1)
  o (https://vidstat.taboola.com/lite-unit/85408.235.0/UnitFeedManagerDesktop.min.js:1)
  (anonymous function) (https://vidstat.taboola.com/lite-unit/85408.235.0/UnitFeedManagerDesktop.min.js:1)
  forEach (:0)
  a (https://vidstat.taboola.com/lite-unit/85408.235.0/UnitFeedManagerDesktop.min.js:1)
  u (https://vidstat.taboola.com/lite-unit/85408.235.0/UnitFeedManagerDesktop.min.js:1)
  o (https://vidstat.taboola.com/lite-unit/85408.235.0/UnitFeedManagerDesktop.min.js:1)
  (anonymous function) (https://vidstat.taboola.com/lite-unit/85408.235.0/UnitFeedManagerDesktop.min.js:1)
  forEach (:0)
  a (https://vidstat.taboola.com/lite-unit/85408.235.0/UnitFeedManagerDesktop.min.js:1)
  u (https://vidstat.taboola.com/lite-unit/85408.235.0/UnitFeedManagerDesktop.min.js:1)
  o (https://vidstat.taboola.com/lite-unit/85408.235.0/UnitFeedManagerDesktop.min.js:1)
  (anonymous function) (https://vidstat.taboola.com/lite-unit/85408.235.0/UnitFeedManagerDesktop.min.js:1)
  forEach (:0)
  a (https://vidstat.taboola.com/lite-unit/85408.235.0/UnitFeedManagerDesktop.min.js:1)
  u (https://vidstat.taboola.com/lite-unit/85408.235.0/UnitFeedManagerDesktop.min.js:1)
  o (https://vidstat.taboola.com/lite-unit/85408.235.0/UnitFeedManagerDesktop.min.js:1)
  (anonymous function) (https://vidstat.taboola.com/lite-unit/85408.235.0/UnitFeedManagerDesktop.min.js:1)
  forEach (:0)
  a (https://vidstat.taboola.com/lite-unit/85408.235.0/UnitFeedManagerDesktop.min.js:1)
  u (https://vidstat.taboola.com/lite-unit/85408.235.0/UnitFeedManagerDesktop.min.js:1)
  o (https://vidstat.taboola.com/lite-unit/85408.235.0/UnitFeedManagerDesktop.min.js:1)
  (anonymous function) (https://vidstat.taboola.com/lite-unit/85408.235.0/UnitFeedManagerDesktop.min.js:1)
  forEach (:0)
  a (https://vidstat.taboola.com/lite-unit/85408.235.0/UnitFeedManagerDesktop.min.js:1)
  u (https://vidstat.taboola.com/lite-unit/85408.235.0/UnitFeedManagerDesktop.min.js:1)
  o (https://vidstat.taboola.com/lite-unit/85408.235.0/UnitFeedManagerDesktop.min.js:1)
  (anonymous function) (https://vidstat.taboola.com/lite-unit/85408.235.0/UnitFeedManagerDesktop.min.js:1)
  forEach (:0)
  a (https://vidstat.taboola.com/lite-unit/85408.235.0/UnitFeedManagerDesktop.min.js:1)
  u (https://vidstat.taboola.com/lite-unit/85408.235.0/UnitFeedManagerDesktop.min.js:1)
  o (https://vidstat.taboola.com/lite-unit/85408.235.0/UnitFeedManagerDesktop.min.js:1)
  (anonymous function) (https://vidstat.taboola.com/lite-unit/85408.235.0/UnitFeedManagerDesktop.min.js:1)

  phantomjs://platform/console++.js:263 in error
[ERROR - 2021-02-10T04:18:56.080Z] Session [10a4e1a0-6b57-11eb-ba79-e5bf2f6e8d63] - page.onError - msg: Exception in queued GPT command TypeError: undefined is not a constructor (evaluating 'pbjs.setConfig({bidderTimeout:1500})')

  phantomjs://platform/console++.js:263 in error
[ERROR - 2021-02-10T04:18:56.080Z] Session [10a4e1a0-6b57-11eb-ba79-e5bf2f6e8d63] - page.onError - stack:
  push (https://securepubads.g.doubleclick.net/gpt/pubads_impl_2021020401.js:6)

  phantomjs://platform/console++.js:263 in error
[ERROR - 2021-02-10T04:19:14.104Z] Session [10a4e1a0-6b57-11eb-ba79-e5bf2f6e8d63] - page.onError - msg: ReferenceError: Can't find variable: gtag

  phantomjs://platform/console++.js:263 in error
[ERROR - 2021-02-10T04:19:14.104Z] Session [10a4e1a0-6b57-11eb-ba79-e5bf2f6e8d63] - page.onError - stack:
  global code (https://tags.bluekai.com/site/24667?ret=html&phint=pageName%3Despn%3Anba%3Ascoreboard&phint=channel%3Despn%3Anba&phint=eVar34%3D&phint=events%3Devent3&phint=prop1%3Despn&phint=swid%3D558170D1-464B-4B85-CBB9-D98513124E1A&phint=unid%3D&phint=prop4%3Dscoreboard&phint=prop9%3D&phint=prop23%3D&phint=prop25%3Dbasketball&phint=prop26%3Dnba&phint=prop30%3Dpremium-no&phint=prop32%3D&phint=prop45%3D&phint=__bk_t%3DNBA%20Basketball%20Scores%20-%20NBA%20Scoreboard%20-%20ESPN&phint=__bk_k%3DNBA%20scores%2C%20NBA%20scoreboard%2C%20Basketball%20scores%2C%20Basketball%20scoreboard&phint=__bk_l%3Dhttps%3A%2F%2Fwww.espn.com%2Fnba%2Fscoreboard&phint=__bk_v%3D3.1.9&limit=10&r=49127336:18)

  phantomjs://platform/console++.js:263 in error
